Warning: you requested the nanomsg event logger, but bmv2 was compiled without -DBMELOG, and the event logger cannot be activated
Calling target program-options parser
[23:26:06.688] [bmv2] [D] [thread 4946] Set default default entry for table 'MyIngress.ipv4_lpm': NoAction - 
Adding interface s1-eth1 as port 1
[23:26:06.689] [bmv2] [D] [thread 4946] Adding interface s1-eth1 as port 1
Adding interface s1-eth2 as port 2
[23:26:06.719] [bmv2] [D] [thread 4946] Adding interface s1-eth2 as port 2
Adding interface s1-eth3 as port 3
[23:26:06.751] [bmv2] [D] [thread 4946] Adding interface s1-eth3 as port 3
[23:26:06.782] [bmv2] [I] [thread 4946] Starting Thrift server on port 9090
[23:26:06.783] [bmv2] [I] [thread 4946] Thrift server was started
[23:26:06.837] [bmv2] [D] [thread 4952] [0.0] [cxt 0] Processing packet received on port 2
[23:26:06.837] [bmv2] [D] [thread 4952] [0.0] [cxt 0] Parser 'parser': start
[23:26:06.837] [bmv2] [D] [thread 4952] [0.0] [cxt 0] Parser 'parser' entering state 'start'
[23:26:06.837] [bmv2] [D] [thread 4952] [0.0] [cxt 0] Extracting header 'ethernet'
[23:26:06.837] [bmv2] [D] [thread 4952] [0.0] [cxt 0] Parser state 'start': key is 86dd
[23:26:06.837] [bmv2] [T] [thread 4952] [0.0] [cxt 0] Bytes parsed: 14
[23:26:06.837] [bmv2] [D] [thread 4952] [0.0] [cxt 0] Parser 'parser': end
[23:26:06.837] [bmv2] [D] [thread 4952] [0.0] [cxt 0] Pipeline 'ingress': start
[23:26:06.837] [bmv2] [T] [thread 4952] [0.0] [cxt 0] forwarding.p4(128) Condition "hdr.ipv4.isValid()" (node_2) is false
[23:26:06.837] [bmv2] [D] [thread 4952] [0.0] [cxt 0] Pipeline 'ingress': end
[23:26:06.837] [bmv2] [D] [thread 4952] [0.0] [cxt 0] Egress port is 0
[23:26:06.838] [bmv2] [D] [thread 4953] [0.0] [cxt 0] Pipeline 'egress': start
[23:26:06.838] [bmv2] [D] [thread 4953] [0.0] [cxt 0] Pipeline 'egress': end
[23:26:06.838] [bmv2] [D] [thread 4953] [0.0] [cxt 0] Deparser 'deparser': start
[23:26:06.838] [bmv2] [T] [thread 4953] [0.0] [cxt 0] Skipping checksum 'cksum' update because condition not met
[23:26:06.838] [bmv2] [D] [thread 4953] [0.0] [cxt 0] Deparsing header 'ethernet'
[23:26:06.838] [bmv2] [D] [thread 4953] [0.0] [cxt 0] Deparser 'deparser': end
[23:26:06.838] [bmv2] [D] [thread 4957] [0.0] [cxt 0] Transmitting packet of size 90 out of port 0
[23:26:06.897] [bmv2] [D] [thread 4952] [1.0] [cxt 0] Processing packet received on port 1
[23:26:06.897] [bmv2] [D] [thread 4952] [1.0] [cxt 0] Parser 'parser': start
[23:26:06.897] [bmv2] [D] [thread 4952] [1.0] [cxt 0] Parser 'parser' entering state 'start'
[23:26:06.897] [bmv2] [D] [thread 4952] [1.0] [cxt 0] Extracting header 'ethernet'
[23:26:06.897] [bmv2] [D] [thread 4952] [1.0] [cxt 0] Parser state 'start': key is 86dd
[23:26:06.897] [bmv2] [T] [thread 4952] [1.0] [cxt 0] Bytes parsed: 14
[23:26:06.897] [bmv2] [D] [thread 4952] [1.0] [cxt 0] Parser 'parser': end
[23:26:06.897] [bmv2] [D] [thread 4952] [1.0] [cxt 0] Pipeline 'ingress': start
[23:26:06.897] [bmv2] [T] [thread 4952] [1.0] [cxt 0] forwarding.p4(128) Condition "hdr.ipv4.isValid()" (node_2) is false
[23:26:06.897] [bmv2] [D] [thread 4952] [1.0] [cxt 0] Pipeline 'ingress': end
[23:26:06.897] [bmv2] [D] [thread 4952] [1.0] [cxt 0] Egress port is 0
[23:26:06.897] [bmv2] [D] [thread 4953] [1.0] [cxt 0] Pipeline 'egress': start
[23:26:06.898] [bmv2] [D] [thread 4953] [1.0] [cxt 0] Pipeline 'egress': end
[23:26:06.898] [bmv2] [D] [thread 4953] [1.0] [cxt 0] Deparser 'deparser': start
[23:26:06.898] [bmv2] [T] [thread 4953] [1.0] [cxt 0] Skipping checksum 'cksum' update because condition not met
[23:26:06.898] [bmv2] [D] [thread 4953] [1.0] [cxt 0] Deparsing header 'ethernet'
[23:26:06.898] [bmv2] [D] [thread 4953] [1.0] [cxt 0] Deparser 'deparser': end
[23:26:06.898] [bmv2] [D] [thread 4957] [1.0] [cxt 0] Transmitting packet of size 78 out of port 0
[23:26:07.039] [bmv2] [D] [thread 4952] [2.0] [cxt 0] Processing packet received on port 2
[23:26:07.039] [bmv2] [D] [thread 4952] [2.0] [cxt 0] Parser 'parser': start
[23:26:07.039] [bmv2] [D] [thread 4952] [2.0] [cxt 0] Parser 'parser' entering state 'start'
[23:26:07.039] [bmv2] [D] [thread 4952] [2.0] [cxt 0] Extracting header 'ethernet'
[23:26:07.039] [bmv2] [D] [thread 4952] [2.0] [cxt 0] Parser state 'start': key is 86dd
[23:26:07.039] [bmv2] [T] [thread 4952] [2.0] [cxt 0] Bytes parsed: 14
[23:26:07.039] [bmv2] [D] [thread 4952] [2.0] [cxt 0] Parser 'parser': end
[23:26:07.039] [bmv2] [D] [thread 4952] [2.0] [cxt 0] Pipeline 'ingress': start
[23:26:07.039] [bmv2] [T] [thread 4952] [2.0] [cxt 0] forwarding.p4(128) Condition "hdr.ipv4.isValid()" (node_2) is false
[23:26:07.039] [bmv2] [D] [thread 4952] [2.0] [cxt 0] Pipeline 'ingress': end
[23:26:07.039] [bmv2] [D] [thread 4952] [2.0] [cxt 0] Egress port is 0
[23:26:07.040] [bmv2] [D] [thread 4953] [2.0] [cxt 0] Pipeline 'egress': start
[23:26:07.040] [bmv2] [D] [thread 4953] [2.0] [cxt 0] Pipeline 'egress': end
[23:26:07.040] [bmv2] [D] [thread 4953] [2.0] [cxt 0] Deparser 'deparser': start
[23:26:07.040] [bmv2] [T] [thread 4953] [2.0] [cxt 0] Skipping checksum 'cksum' update because condition not met
[23:26:07.040] [bmv2] [D] [thread 4953] [2.0] [cxt 0] Deparsing header 'ethernet'
[23:26:07.040] [bmv2] [D] [thread 4953] [2.0] [cxt 0] Deparser 'deparser': end
[23:26:07.040] [bmv2] [D] [thread 4957] [2.0] [cxt 0] Transmitting packet of size 90 out of port 0
[23:26:07.060] [bmv2] [D] [thread 4952] [3.0] [cxt 0] Processing packet received on port 1
[23:26:07.060] [bmv2] [D] [thread 4952] [3.0] [cxt 0] Parser 'parser': start
[23:26:07.060] [bmv2] [D] [thread 4952] [3.0] [cxt 0] Parser 'parser' entering state 'start'
[23:26:07.061] [bmv2] [D] [thread 4952] [3.0] [cxt 0] Extracting header 'ethernet'
[23:26:07.061] [bmv2] [D] [thread 4952] [3.0] [cxt 0] Parser state 'start': key is 86dd
[23:26:07.061] [bmv2] [T] [thread 4952] [3.0] [cxt 0] Bytes parsed: 14
[23:26:07.061] [bmv2] [D] [thread 4952] [3.0] [cxt 0] Parser 'parser': end
[23:26:07.061] [bmv2] [D] [thread 4952] [3.0] [cxt 0] Pipeline 'ingress': start
[23:26:07.061] [bmv2] [T] [thread 4952] [3.0] [cxt 0] forwarding.p4(128) Condition "hdr.ipv4.isValid()" (node_2) is false
[23:26:07.061] [bmv2] [D] [thread 4952] [3.0] [cxt 0] Pipeline 'ingress': end
[23:26:07.061] [bmv2] [D] [thread 4952] [3.0] [cxt 0] Egress port is 0
[23:26:07.061] [bmv2] [D] [thread 4953] [3.0] [cxt 0] Pipeline 'egress': start
[23:26:07.061] [bmv2] [D] [thread 4953] [3.0] [cxt 0] Pipeline 'egress': end
[23:26:07.061] [bmv2] [D] [thread 4953] [3.0] [cxt 0] Deparser 'deparser': start
[23:26:07.061] [bmv2] [T] [thread 4953] [3.0] [cxt 0] Skipping checksum 'cksum' update because condition not met
[23:26:07.061] [bmv2] [D] [thread 4953] [3.0] [cxt 0] Deparsing header 'ethernet'
[23:26:07.061] [bmv2] [D] [thread 4953] [3.0] [cxt 0] Deparser 'deparser': end
[23:26:07.061] [bmv2] [D] [thread 4957] [3.0] [cxt 0] Transmitting packet of size 90 out of port 0
[23:26:07.119] [bmv2] [D] [thread 4952] [4.0] [cxt 0] Processing packet received on port 2
[23:26:07.119] [bmv2] [D] [thread 4952] [4.0] [cxt 0] Parser 'parser': start
[23:26:07.119] [bmv2] [D] [thread 4952] [4.0] [cxt 0] Parser 'parser' entering state 'start'
[23:26:07.119] [bmv2] [D] [thread 4952] [4.0] [cxt 0] Extracting header 'ethernet'
[23:26:07.119] [bmv2] [D] [thread 4952] [4.0] [cxt 0] Parser state 'start': key is 86dd
[23:26:07.119] [bmv2] [T] [thread 4952] [4.0] [cxt 0] Bytes parsed: 14
[23:26:07.119] [bmv2] [D] [thread 4952] [4.0] [cxt 0] Parser 'parser': end
[23:26:07.119] [bmv2] [D] [thread 4952] [4.0] [cxt 0] Pipeline 'ingress': start
[23:26:07.119] [bmv2] [T] [thread 4952] [4.0] [cxt 0] forwarding.p4(128) Condition "hdr.ipv4.isValid()" (node_2) is false
[23:26:07.119] [bmv2] [D] [thread 4952] [4.0] [cxt 0] Pipeline 'ingress': end
[23:26:07.119] [bmv2] [D] [thread 4952] [4.0] [cxt 0] Egress port is 0
[23:26:07.119] [bmv2] [D] [thread 4953] [4.0] [cxt 0] Pipeline 'egress': start
[23:26:07.119] [bmv2] [D] [thread 4953] [4.0] [cxt 0] Pipeline 'egress': end
[23:26:07.119] [bmv2] [D] [thread 4953] [4.0] [cxt 0] Deparser 'deparser': start
[23:26:07.119] [bmv2] [T] [thread 4953] [4.0] [cxt 0] Skipping checksum 'cksum' update because condition not met
[23:26:07.119] [bmv2] [D] [thread 4953] [4.0] [cxt 0] Deparsing header 'ethernet'
[23:26:07.119] [bmv2] [D] [thread 4953] [4.0] [cxt 0] Deparser 'deparser': end
[23:26:07.120] [bmv2] [D] [thread 4957] [4.0] [cxt 0] Transmitting packet of size 78 out of port 0
[23:26:07.156] [bmv2] [D] [thread 4952] [5.0] [cxt 0] Processing packet received on port 2
[23:26:07.156] [bmv2] [D] [thread 4952] [5.0] [cxt 0] Parser 'parser': start
[23:26:07.156] [bmv2] [D] [thread 4952] [5.0] [cxt 0] Parser 'parser' entering state 'start'
[23:26:07.156] [bmv2] [D] [thread 4952] [5.0] [cxt 0] Extracting header 'ethernet'
[23:26:07.156] [bmv2] [D] [thread 4952] [5.0] [cxt 0] Parser state 'start': key is 86dd
[23:26:07.156] [bmv2] [T] [thread 4952] [5.0] [cxt 0] Bytes parsed: 14
[23:26:07.156] [bmv2] [D] [thread 4952] [5.0] [cxt 0] Parser 'parser': end
[23:26:07.156] [bmv2] [D] [thread 4952] [5.0] [cxt 0] Pipeline 'ingress': start
[23:26:07.157] [bmv2] [T] [thread 4952] [5.0] [cxt 0] forwarding.p4(128) Condition "hdr.ipv4.isValid()" (node_2) is false
[23:26:07.157] [bmv2] [D] [thread 4952] [5.0] [cxt 0] Pipeline 'ingress': end
[23:26:07.157] [bmv2] [D] [thread 4952] [5.0] [cxt 0] Egress port is 0
[23:26:07.157] [bmv2] [D] [thread 4953] [5.0] [cxt 0] Pipeline 'egress': start
[23:26:07.157] [bmv2] [D] [thread 4953] [5.0] [cxt 0] Pipeline 'egress': end
[23:26:07.157] [bmv2] [D] [thread 4953] [5.0] [cxt 0] Deparser 'deparser': start
[23:26:07.157] [bmv2] [T] [thread 4953] [5.0] [cxt 0] Skipping checksum 'cksum' update because condition not met
[23:26:07.157] [bmv2] [D] [thread 4953] [5.0] [cxt 0] Deparsing header 'ethernet'
[23:26:07.157] [bmv2] [D] [thread 4953] [5.0] [cxt 0] Deparser 'deparser': end
[23:26:07.157] [bmv2] [D] [thread 4957] [5.0] [cxt 0] Transmitting packet of size 78 out of port 0
[23:26:07.287] [bmv2] [D] [thread 4952] [6.0] [cxt 0] Processing packet received on port 3
[23:26:07.287] [bmv2] [D] [thread 4952] [6.0] [cxt 0] Parser 'parser': start
[23:26:07.287] [bmv2] [D] [thread 4952] [6.0] [cxt 0] Parser 'parser' entering state 'start'
[23:26:07.287] [bmv2] [D] [thread 4952] [6.0] [cxt 0] Extracting header 'ethernet'
[23:26:07.287] [bmv2] [D] [thread 4952] [6.0] [cxt 0] Parser state 'start': key is 86dd
[23:26:07.287] [bmv2] [T] [thread 4952] [6.0] [cxt 0] Bytes parsed: 14
[23:26:07.288] [bmv2] [D] [thread 4952] [6.0] [cxt 0] Parser 'parser': end
[23:26:07.288] [bmv2] [D] [thread 4952] [6.0] [cxt 0] Pipeline 'ingress': start
[23:26:07.288] [bmv2] [T] [thread 4952] [6.0] [cxt 0] forwarding.p4(128) Condition "hdr.ipv4.isValid()" (node_2) is false
[23:26:07.288] [bmv2] [D] [thread 4952] [6.0] [cxt 0] Pipeline 'ingress': end
[23:26:07.288] [bmv2] [D] [thread 4952] [6.0] [cxt 0] Egress port is 0
[23:26:07.288] [bmv2] [D] [thread 4953] [6.0] [cxt 0] Pipeline 'egress': start
[23:26:07.288] [bmv2] [D] [thread 4953] [6.0] [cxt 0] Pipeline 'egress': end
[23:26:07.288] [bmv2] [D] [thread 4953] [6.0] [cxt 0] Deparser 'deparser': start
[23:26:07.288] [bmv2] [T] [thread 4953] [6.0] [cxt 0] Skipping checksum 'cksum' update because condition not met
[23:26:07.288] [bmv2] [D] [thread 4953] [6.0] [cxt 0] Deparsing header 'ethernet'
[23:26:07.288] [bmv2] [D] [thread 4953] [6.0] [cxt 0] Deparser 'deparser': end
[23:26:07.288] [bmv2] [D] [thread 4957] [6.0] [cxt 0] Transmitting packet of size 90 out of port 0
[23:26:07.395] [bmv2] [D] [thread 4952] [7.0] [cxt 0] Processing packet received on port 3
[23:26:07.395] [bmv2] [D] [thread 4952] [7.0] [cxt 0] Parser 'parser': start
[23:26:07.395] [bmv2] [D] [thread 4952] [7.0] [cxt 0] Parser 'parser' entering state 'start'
[23:26:07.395] [bmv2] [D] [thread 4952] [7.0] [cxt 0] Extracting header 'ethernet'
[23:26:07.395] [bmv2] [D] [thread 4952] [7.0] [cxt 0] Parser state 'start': key is 86dd
[23:26:07.395] [bmv2] [T] [thread 4952] [7.0] [cxt 0] Bytes parsed: 14
[23:26:07.395] [bmv2] [D] [thread 4952] [7.0] [cxt 0] Parser 'parser': end
[23:26:07.395] [bmv2] [D] [thread 4952] [7.0] [cxt 0] Pipeline 'ingress': start
[23:26:07.395] [bmv2] [T] [thread 4952] [7.0] [cxt 0] forwarding.p4(128) Condition "hdr.ipv4.isValid()" (node_2) is false
[23:26:07.395] [bmv2] [D] [thread 4952] [7.0] [cxt 0] Pipeline 'ingress': end
[23:26:07.395] [bmv2] [D] [thread 4952] [7.0] [cxt 0] Egress port is 0
[23:26:07.396] [bmv2] [D] [thread 4953] [7.0] [cxt 0] Pipeline 'egress': start
[23:26:07.396] [bmv2] [D] [thread 4953] [7.0] [cxt 0] Pipeline 'egress': end
[23:26:07.396] [bmv2] [D] [thread 4953] [7.0] [cxt 0] Deparser 'deparser': start
[23:26:07.396] [bmv2] [T] [thread 4953] [7.0] [cxt 0] Skipping checksum 'cksum' update because condition not met
[23:26:07.396] [bmv2] [D] [thread 4953] [7.0] [cxt 0] Deparsing header 'ethernet'
[23:26:07.396] [bmv2] [D] [thread 4953] [7.0] [cxt 0] Deparser 'deparser': end
[23:26:07.396] [bmv2] [D] [thread 4957] [7.0] [cxt 0] Transmitting packet of size 78 out of port 0
[23:26:07.453] [bmv2] [D] [thread 4952] [8.0] [cxt 0] Processing packet received on port 3
[23:26:07.454] [bmv2] [D] [thread 4952] [8.0] [cxt 0] Parser 'parser': start
[23:26:07.454] [bmv2] [D] [thread 4952] [8.0] [cxt 0] Parser 'parser' entering state 'start'
[23:26:07.454] [bmv2] [D] [thread 4952] [8.0] [cxt 0] Extracting header 'ethernet'
[23:26:07.454] [bmv2] [D] [thread 4952] [8.0] [cxt 0] Parser state 'start': key is 86dd
[23:26:07.454] [bmv2] [T] [thread 4952] [8.0] [cxt 0] Bytes parsed: 14
[23:26:07.454] [bmv2] [D] [thread 4952] [8.0] [cxt 0] Parser 'parser': end
[23:26:07.454] [bmv2] [D] [thread 4952] [8.0] [cxt 0] Pipeline 'ingress': start
[23:26:07.454] [bmv2] [T] [thread 4952] [8.0] [cxt 0] forwarding.p4(128) Condition "hdr.ipv4.isValid()" (node_2) is false
[23:26:07.454] [bmv2] [D] [thread 4952] [8.0] [cxt 0] Pipeline 'ingress': end
[23:26:07.454] [bmv2] [D] [thread 4952] [8.0] [cxt 0] Egress port is 0
[23:26:07.454] [bmv2] [D] [thread 4953] [8.0] [cxt 0] Pipeline 'egress': start
[23:26:07.454] [bmv2] [D] [thread 4953] [8.0] [cxt 0] Pipeline 'egress': end
[23:26:07.454] [bmv2] [D] [thread 4953] [8.0] [cxt 0] Deparser 'deparser': start
[23:26:07.454] [bmv2] [T] [thread 4953] [8.0] [cxt 0] Skipping checksum 'cksum' update because condition not met
[23:26:07.454] [bmv2] [D] [thread 4953] [8.0] [cxt 0] Deparsing header 'ethernet'
[23:26:07.454] [bmv2] [D] [thread 4953] [8.0] [cxt 0] Deparser 'deparser': end
[23:26:07.454] [bmv2] [D] [thread 4957] [8.0] [cxt 0] Transmitting packet of size 78 out of port 0
[23:26:07.630] [bmv2] [D] [thread 4952] [9.0] [cxt 0] Processing packet received on port 3
[23:26:07.630] [bmv2] [D] [thread 4952] [9.0] [cxt 0] Parser 'parser': start
[23:26:07.630] [bmv2] [D] [thread 4952] [9.0] [cxt 0] Parser 'parser' entering state 'start'
[23:26:07.630] [bmv2] [D] [thread 4952] [9.0] [cxt 0] Extracting header 'ethernet'
[23:26:07.630] [bmv2] [D] [thread 4952] [9.0] [cxt 0] Parser state 'start': key is 86dd
[23:26:07.630] [bmv2] [T] [thread 4952] [9.0] [cxt 0] Bytes parsed: 14
[23:26:07.630] [bmv2] [D] [thread 4952] [9.0] [cxt 0] Parser 'parser': end
[23:26:07.630] [bmv2] [D] [thread 4952] [9.0] [cxt 0] Pipeline 'ingress': start
[23:26:07.630] [bmv2] [T] [thread 4952] [9.0] [cxt 0] forwarding.p4(128) Condition "hdr.ipv4.isValid()" (node_2) is false
[23:26:07.630] [bmv2] [D] [thread 4952] [9.0] [cxt 0] Pipeline 'ingress': end
[23:26:07.630] [bmv2] [D] [thread 4952] [9.0] [cxt 0] Egress port is 0
[23:26:07.630] [bmv2] [D] [thread 4953] [9.0] [cxt 0] Pipeline 'egress': start
[23:26:07.630] [bmv2] [D] [thread 4953] [9.0] [cxt 0] Pipeline 'egress': end
[23:26:07.630] [bmv2] [D] [thread 4953] [9.0] [cxt 0] Deparser 'deparser': start
[23:26:07.630] [bmv2] [T] [thread 4953] [9.0] [cxt 0] Skipping checksum 'cksum' update because condition not met
[23:26:07.630] [bmv2] [D] [thread 4953] [9.0] [cxt 0] Deparsing header 'ethernet'
[23:26:07.631] [bmv2] [D] [thread 4953] [9.0] [cxt 0] Deparser 'deparser': end
[23:26:07.631] [bmv2] [D] [thread 4957] [9.0] [cxt 0] Transmitting packet of size 90 out of port 0
[23:26:07.897] [bmv2] [D] [thread 4952] [10.0] [cxt 0] Processing packet received on port 1
[23:26:07.897] [bmv2] [D] [thread 4952] [10.0] [cxt 0] Parser 'parser': start
[23:26:07.897] [bmv2] [D] [thread 4952] [10.0] [cxt 0] Parser 'parser' entering state 'start'
[23:26:07.897] [bmv2] [D] [thread 4952] [10.0] [cxt 0] Extracting header 'ethernet'
[23:26:07.897] [bmv2] [D] [thread 4952] [10.0] [cxt 0] Parser state 'start': key is 86dd
[23:26:07.897] [bmv2] [T] [thread 4952] [10.0] [cxt 0] Bytes parsed: 14
[23:26:07.897] [bmv2] [D] [thread 4952] [10.0] [cxt 0] Parser 'parser': end
[23:26:07.897] [bmv2] [D] [thread 4952] [10.0] [cxt 0] Pipeline 'ingress': start
[23:26:07.897] [bmv2] [T] [thread 4952] [10.0] [cxt 0] forwarding.p4(128) Condition "hdr.ipv4.isValid()" (node_2) is false
[23:26:07.897] [bmv2] [D] [thread 4952] [10.0] [cxt 0] Pipeline 'ingress': end
[23:26:07.897] [bmv2] [D] [thread 4952] [10.0] [cxt 0] Egress port is 0
[23:26:07.898] [bmv2] [D] [thread 4952] [11.0] [cxt 0] Processing packet received on port 1
[23:26:07.898] [bmv2] [D] [thread 4952] [11.0] [cxt 0] Parser 'parser': start
[23:26:07.898] [bmv2] [D] [thread 4952] [11.0] [cxt 0] Parser 'parser' entering state 'start'
[23:26:07.898] [bmv2] [D] [thread 4952] [11.0] [cxt 0] Extracting header 'ethernet'
[23:26:07.898] [bmv2] [D] [thread 4952] [11.0] [cxt 0] Parser state 'start': key is 86dd
[23:26:07.898] [bmv2] [T] [thread 4952] [11.0] [cxt 0] Bytes parsed: 14
[23:26:07.898] [bmv2] [D] [thread 4952] [11.0] [cxt 0] Parser 'parser': end
[23:26:07.898] [bmv2] [D] [thread 4952] [11.0] [cxt 0] Pipeline 'ingress': start
[23:26:07.898] [bmv2] [T] [thread 4952] [11.0] [cxt 0] forwarding.p4(128) Condition "hdr.ipv4.isValid()" (node_2) is false
[23:26:07.898] [bmv2] [D] [thread 4952] [11.0] [cxt 0] Pipeline 'ingress': end
[23:26:07.898] [bmv2] [D] [thread 4952] [11.0] [cxt 0] Egress port is 0
[23:26:07.898] [bmv2] [D] [thread 4953] [10.0] [cxt 0] Pipeline 'egress': start
[23:26:07.898] [bmv2] [D] [thread 4953] [10.0] [cxt 0] Pipeline 'egress': end
[23:26:07.898] [bmv2] [D] [thread 4953] [10.0] [cxt 0] Deparser 'deparser': start
[23:26:07.898] [bmv2] [T] [thread 4953] [10.0] [cxt 0] Skipping checksum 'cksum' update because condition not met
[23:26:07.898] [bmv2] [D] [thread 4953] [10.0] [cxt 0] Deparsing header 'ethernet'
[23:26:07.898] [bmv2] [D] [thread 4953] [10.0] [cxt 0] Deparser 'deparser': end
[23:26:07.898] [bmv2] [D] [thread 4953] [11.0] [cxt 0] Pipeline 'egress': start
[23:26:07.898] [bmv2] [D] [thread 4957] [10.0] [cxt 0] Transmitting packet of size 90 out of port 0
[23:26:07.898] [bmv2] [D] [thread 4953] [11.0] [cxt 0] Pipeline 'egress': end
[23:26:07.899] [bmv2] [D] [thread 4953] [11.0] [cxt 0] Deparser 'deparser': start
[23:26:07.899] [bmv2] [T] [thread 4953] [11.0] [cxt 0] Skipping checksum 'cksum' update because condition not met
[23:26:07.899] [bmv2] [D] [thread 4953] [11.0] [cxt 0] Deparsing header 'ethernet'
[23:26:07.899] [bmv2] [D] [thread 4953] [11.0] [cxt 0] Deparser 'deparser': end
[23:26:07.899] [bmv2] [D] [thread 4957] [11.0] [cxt 0] Transmitting packet of size 70 out of port 0
[23:26:08.119] [bmv2] [D] [thread 4952] [12.0] [cxt 0] Processing packet received on port 2
[23:26:08.119] [bmv2] [D] [thread 4952] [12.0] [cxt 0] Parser 'parser': start
[23:26:08.119] [bmv2] [D] [thread 4952] [12.0] [cxt 0] Parser 'parser' entering state 'start'
[23:26:08.119] [bmv2] [D] [thread 4952] [12.0] [cxt 0] Extracting header 'ethernet'
[23:26:08.119] [bmv2] [D] [thread 4952] [12.0] [cxt 0] Parser state 'start': key is 86dd
[23:26:08.119] [bmv2] [T] [thread 4952] [12.0] [cxt 0] Bytes parsed: 14
[23:26:08.119] [bmv2] [D] [thread 4952] [12.0] [cxt 0] Parser 'parser': end
[23:26:08.119] [bmv2] [D] [thread 4952] [12.0] [cxt 0] Pipeline 'ingress': start
[23:26:08.119] [bmv2] [T] [thread 4952] [12.0] [cxt 0] forwarding.p4(128) Condition "hdr.ipv4.isValid()" (node_2) is false
[23:26:08.119] [bmv2] [D] [thread 4952] [12.0] [cxt 0] Pipeline 'ingress': end
[23:26:08.119] [bmv2] [D] [thread 4952] [12.0] [cxt 0] Egress port is 0
[23:26:08.119] [bmv2] [D] [thread 4952] [13.0] [cxt 0] Processing packet received on port 2
[23:26:08.119] [bmv2] [D] [thread 4952] [13.0] [cxt 0] Parser 'parser': start
[23:26:08.119] [bmv2] [D] [thread 4952] [13.0] [cxt 0] Parser 'parser' entering state 'start'
[23:26:08.119] [bmv2] [D] [thread 4952] [13.0] [cxt 0] Extracting header 'ethernet'
[23:26:08.119] [bmv2] [D] [thread 4952] [13.0] [cxt 0] Parser state 'start': key is 86dd
[23:26:08.119] [bmv2] [T] [thread 4952] [13.0] [cxt 0] Bytes parsed: 14
[23:26:08.119] [bmv2] [D] [thread 4952] [13.0] [cxt 0] Parser 'parser': end
[23:26:08.119] [bmv2] [D] [thread 4952] [13.0] [cxt 0] Pipeline 'ingress': start
[23:26:08.119] [bmv2] [T] [thread 4952] [13.0] [cxt 0] forwarding.p4(128) Condition "hdr.ipv4.isValid()" (node_2) is false
[23:26:08.119] [bmv2] [D] [thread 4952] [13.0] [cxt 0] Pipeline 'ingress': end
[23:26:08.119] [bmv2] [D] [thread 4953] [12.0] [cxt 0] Pipeline 'egress': start
[23:26:08.120] [bmv2] [D] [thread 4953] [12.0] [cxt 0] Pipeline 'egress': end
[23:26:08.120] [bmv2] [D] [thread 4953] [12.0] [cxt 0] Deparser 'deparser': start
[23:26:08.120] [bmv2] [T] [thread 4953] [12.0] [cxt 0] Skipping checksum 'cksum' update because condition not met
[23:26:08.120] [bmv2] [D] [thread 4953] [12.0] [cxt 0] Deparsing header 'ethernet'
[23:26:08.120] [bmv2] [D] [thread 4953] [12.0] [cxt 0] Deparser 'deparser': end
[23:26:08.120] [bmv2] [D] [thread 4957] [12.0] [cxt 0] Transmitting packet of size 90 out of port 0
[23:26:08.119] [bmv2] [D] [thread 4952] [13.0] [cxt 0] Egress port is 0
[23:26:08.121] [bmv2] [D] [thread 4953] [13.0] [cxt 0] Pipeline 'egress': start
[23:26:08.121] [bmv2] [D] [thread 4953] [13.0] [cxt 0] Pipeline 'egress': end
[23:26:08.121] [bmv2] [D] [thread 4953] [13.0] [cxt 0] Deparser 'deparser': start
[23:26:08.121] [bmv2] [T] [thread 4953] [13.0] [cxt 0] Skipping checksum 'cksum' update because condition not met
[23:26:08.121] [bmv2] [D] [thread 4953] [13.0] [cxt 0] Deparsing header 'ethernet'
[23:26:08.121] [bmv2] [D] [thread 4953] [13.0] [cxt 0] Deparser 'deparser': end
[23:26:08.122] [bmv2] [D] [thread 4957] [13.0] [cxt 0] Transmitting packet of size 70 out of port 0
[23:26:08.159] [bmv2] [D] [thread 4952] [14.0] [cxt 0] Processing packet received on port 2
[23:26:08.159] [bmv2] [D] [thread 4952] [14.0] [cxt 0] Parser 'parser': start
[23:26:08.159] [bmv2] [D] [thread 4952] [14.0] [cxt 0] Parser 'parser' entering state 'start'
[23:26:08.159] [bmv2] [D] [thread 4952] [14.0] [cxt 0] Extracting header 'ethernet'
[23:26:08.160] [bmv2] [D] [thread 4952] [14.0] [cxt 0] Parser state 'start': key is 86dd
[23:26:08.160] [bmv2] [T] [thread 4952] [14.0] [cxt 0] Bytes parsed: 14
[23:26:08.160] [bmv2] [D] [thread 4952] [14.0] [cxt 0] Parser 'parser': end
[23:26:08.160] [bmv2] [D] [thread 4952] [14.0] [cxt 0] Pipeline 'ingress': start
[23:26:08.160] [bmv2] [T] [thread 4952] [14.0] [cxt 0] forwarding.p4(128) Condition "hdr.ipv4.isValid()" (node_2) is false
[23:26:08.160] [bmv2] [D] [thread 4952] [14.0] [cxt 0] Pipeline 'ingress': end
[23:26:08.160] [bmv2] [D] [thread 4952] [14.0] [cxt 0] Egress port is 0
[23:26:08.160] [bmv2] [D] [thread 4952] [15.0] [cxt 0] Processing packet received on port 2
[23:26:08.160] [bmv2] [D] [thread 4952] [15.0] [cxt 0] Parser 'parser': start
[23:26:08.160] [bmv2] [D] [thread 4952] [15.0] [cxt 0] Parser 'parser' entering state 'start'
[23:26:08.160] [bmv2] [D] [thread 4952] [15.0] [cxt 0] Extracting header 'ethernet'
[23:26:08.160] [bmv2] [D] [thread 4952] [15.0] [cxt 0] Parser state 'start': key is 86dd
[23:26:08.160] [bmv2] [T] [thread 4952] [15.0] [cxt 0] Bytes parsed: 14
[23:26:08.160] [bmv2] [D] [thread 4952] [15.0] [cxt 0] Parser 'parser': end
[23:26:08.160] [bmv2] [D] [thread 4952] [15.0] [cxt 0] Pipeline 'ingress': start
[23:26:08.160] [bmv2] [T] [thread 4952] [15.0] [cxt 0] forwarding.p4(128) Condition "hdr.ipv4.isValid()" (node_2) is false
[23:26:08.160] [bmv2] [D] [thread 4953] [14.0] [cxt 0] Pipeline 'egress': start
[23:26:08.160] [bmv2] [D] [thread 4953] [14.0] [cxt 0] Pipeline 'egress': end
[23:26:08.160] [bmv2] [D] [thread 4952] [15.0] [cxt 0] Pipeline 'ingress': end
[23:26:08.160] [bmv2] [D] [thread 4953] [14.0] [cxt 0] Deparser 'deparser': start
[23:26:08.160] [bmv2] [D] [thread 4952] [15.0] [cxt 0] Egress port is 0
[23:26:08.160] [bmv2] [T] [thread 4953] [14.0] [cxt 0] Skipping checksum 'cksum' update because condition not met
[23:26:08.160] [bmv2] [D] [thread 4953] [14.0] [cxt 0] Deparsing header 'ethernet'
[23:26:08.160] [bmv2] [D] [thread 4953] [14.0] [cxt 0] Deparser 'deparser': end
[23:26:08.160] [bmv2] [D] [thread 4953] [15.0] [cxt 0] Pipeline 'egress': start
[23:26:08.160] [bmv2] [D] [thread 4953] [15.0] [cxt 0] Pipeline 'egress': end
[23:26:08.160] [bmv2] [D] [thread 4953] [15.0] [cxt 0] Deparser 'deparser': start
[23:26:08.161] [bmv2] [T] [thread 4953] [15.0] [cxt 0] Skipping checksum 'cksum' update because condition not met
[23:26:08.161] [bmv2] [D] [thread 4953] [15.0] [cxt 0] Deparsing header 'ethernet'
[23:26:08.161] [bmv2] [D] [thread 4953] [15.0] [cxt 0] Deparser 'deparser': end
[23:26:08.161] [bmv2] [D] [thread 4957] [14.0] [cxt 0] Transmitting packet of size 90 out of port 0
[23:26:08.161] [bmv2] [D] [thread 4957] [15.0] [cxt 0] Transmitting packet of size 70 out of port 0
[23:26:08.463] [bmv2] [D] [thread 4952] [16.0] [cxt 0] Processing packet received on port 3
[23:26:08.463] [bmv2] [D] [thread 4952] [16.0] [cxt 0] Parser 'parser': start
[23:26:08.463] [bmv2] [D] [thread 4952] [16.0] [cxt 0] Parser 'parser' entering state 'start'
[23:26:08.463] [bmv2] [D] [thread 4952] [16.0] [cxt 0] Extracting header 'ethernet'
[23:26:08.463] [bmv2] [D] [thread 4952] [16.0] [cxt 0] Parser state 'start': key is 86dd
[23:26:08.463] [bmv2] [T] [thread 4952] [16.0] [cxt 0] Bytes parsed: 14
[23:26:08.463] [bmv2] [D] [thread 4952] [16.0] [cxt 0] Parser 'parser': end
[23:26:08.463] [bmv2] [D] [thread 4952] [16.0] [cxt 0] Pipeline 'ingress': start
[23:26:08.463] [bmv2] [T] [thread 4952] [16.0] [cxt 0] forwarding.p4(128) Condition "hdr.ipv4.isValid()" (node_2) is false
[23:26:08.463] [bmv2] [D] [thread 4952] [16.0] [cxt 0] Pipeline 'ingress': end
[23:26:08.464] [bmv2] [D] [thread 4952] [16.0] [cxt 0] Egress port is 0
[23:26:08.464] [bmv2] [D] [thread 4952] [17.0] [cxt 0] Processing packet received on port 3
[23:26:08.464] [bmv2] [D] [thread 4952] [17.0] [cxt 0] Parser 'parser': start
[23:26:08.464] [bmv2] [D] [thread 4952] [17.0] [cxt 0] Parser 'parser' entering state 'start'
[23:26:08.464] [bmv2] [D] [thread 4952] [17.0] [cxt 0] Extracting header 'ethernet'
[23:26:08.464] [bmv2] [D] [thread 4952] [17.0] [cxt 0] Parser state 'start': key is 86dd
[23:26:08.464] [bmv2] [T] [thread 4952] [17.0] [cxt 0] Bytes parsed: 14
[23:26:08.464] [bmv2] [D] [thread 4952] [17.0] [cxt 0] Parser 'parser': end
[23:26:08.464] [bmv2] [D] [thread 4952] [17.0] [cxt 0] Pipeline 'ingress': start
[23:26:08.464] [bmv2] [T] [thread 4952] [17.0] [cxt 0] forwarding.p4(128) Condition "hdr.ipv4.isValid()" (node_2) is false
[23:26:08.464] [bmv2] [D] [thread 4952] [17.0] [cxt 0] Pipeline 'ingress': end
[23:26:08.464] [bmv2] [D] [thread 4952] [17.0] [cxt 0] Egress port is 0
[23:26:08.464] [bmv2] [D] [thread 4952] [18.0] [cxt 0] Processing packet received on port 3
[23:26:08.464] [bmv2] [D] [thread 4952] [18.0] [cxt 0] Parser 'parser': start
[23:26:08.464] [bmv2] [D] [thread 4952] [18.0] [cxt 0] Parser 'parser' entering state 'start'
[23:26:08.464] [bmv2] [D] [thread 4952] [18.0] [cxt 0] Extracting header 'ethernet'
[23:26:08.464] [bmv2] [D] [thread 4952] [18.0] [cxt 0] Parser state 'start': key is 86dd
[23:26:08.464] [bmv2] [T] [thread 4952] [18.0] [cxt 0] Bytes parsed: 14
[23:26:08.464] [bmv2] [D] [thread 4952] [18.0] [cxt 0] Parser 'parser': end
[23:26:08.464] [bmv2] [D] [thread 4952] [18.0] [cxt 0] Pipeline 'ingress': start
[23:26:08.464] [bmv2] [T] [thread 4952] [18.0] [cxt 0] forwarding.p4(128) Condition "hdr.ipv4.isValid()" (node_2) is false
[23:26:08.464] [bmv2] [D] [thread 4952] [18.0] [cxt 0] Pipeline 'ingress': end
[23:26:08.464] [bmv2] [D] [thread 4952] [18.0] [cxt 0] Egress port is 0
[23:26:08.465] [bmv2] [D] [thread 4952] [19.0] [cxt 0] Processing packet received on port 3
[23:26:08.465] [bmv2] [D] [thread 4952] [19.0] [cxt 0] Parser 'parser': start
[23:26:08.465] [bmv2] [D] [thread 4952] [19.0] [cxt 0] Parser 'parser' entering state 'start'
[23:26:08.465] [bmv2] [D] [thread 4952] [19.0] [cxt 0] Extracting header 'ethernet'
[23:26:08.465] [bmv2] [D] [thread 4953] [16.0] [cxt 0] Pipeline 'egress': start
[23:26:08.465] [bmv2] [D] [thread 4953] [16.0] [cxt 0] Pipeline 'egress': end
[23:26:08.465] [bmv2] [D] [thread 4953] [16.0] [cxt 0] Deparser 'deparser': start
[23:26:08.465] [bmv2] [T] [thread 4953] [16.0] [cxt 0] Skipping checksum 'cksum' update because condition not met
[23:26:08.465] [bmv2] [D] [thread 4953] [16.0] [cxt 0] Deparsing header 'ethernet'
[23:26:08.465] [bmv2] [D] [thread 4953] [16.0] [cxt 0] Deparser 'deparser': end
[23:26:08.465] [bmv2] [D] [thread 4953] [17.0] [cxt 0] Pipeline 'egress': start
[23:26:08.465] [bmv2] [D] [thread 4953] [17.0] [cxt 0] Pipeline 'egress': end
[23:26:08.465] [bmv2] [D] [thread 4953] [17.0] [cxt 0] Deparser 'deparser': start
[23:26:08.465] [bmv2] [T] [thread 4953] [17.0] [cxt 0] Skipping checksum 'cksum' update because condition not met
[23:26:08.465] [bmv2] [D] [thread 4953] [17.0] [cxt 0] Deparsing header 'ethernet'
[23:26:08.465] [bmv2] [D] [thread 4953] [17.0] [cxt 0] Deparser 'deparser': end
[23:26:08.465] [bmv2] [D] [thread 4953] [18.0] [cxt 0] Pipeline 'egress': start
[23:26:08.465] [bmv2] [D] [thread 4953] [18.0] [cxt 0] Pipeline 'egress': end
[23:26:08.465] [bmv2] [D] [thread 4953] [18.0] [cxt 0] Deparser 'deparser': start
[23:26:08.465] [bmv2] [T] [thread 4953] [18.0] [cxt 0] Skipping checksum 'cksum' update because condition not met
[23:26:08.465] [bmv2] [D] [thread 4953] [18.0] [cxt 0] Deparsing header 'ethernet'
[23:26:08.465] [bmv2] [D] [thread 4952] [19.0] [cxt 0] Parser state 'start': key is 86dd
[23:26:08.465] [bmv2] [T] [thread 4952] [19.0] [cxt 0] Bytes parsed: 14
[23:26:08.465] [bmv2] [D] [thread 4952] [19.0] [cxt 0] Parser 'parser': end
[23:26:08.465] [bmv2] [D] [thread 4957] [16.0] [cxt 0] Transmitting packet of size 90 out of port 0
[23:26:08.465] [bmv2] [D] [thread 4952] [19.0] [cxt 0] Pipeline 'ingress': start
[23:26:08.465] [bmv2] [D] [thread 4957] [17.0] [cxt 0] Transmitting packet of size 70 out of port 0
[23:26:08.465] [bmv2] [D] [thread 4953] [18.0] [cxt 0] Deparser 'deparser': end
[23:26:08.465] [bmv2] [D] [thread 4957] [18.0] [cxt 0] Transmitting packet of size 90 out of port 0
[23:26:08.465] [bmv2] [T] [thread 4952] [19.0] [cxt 0] forwarding.p4(128) Condition "hdr.ipv4.isValid()" (node_2) is false
[23:26:08.466] [bmv2] [D] [thread 4952] [19.0] [cxt 0] Pipeline 'ingress': end
[23:26:08.466] [bmv2] [D] [thread 4952] [19.0] [cxt 0] Egress port is 0
[23:26:08.466] [bmv2] [D] [thread 4953] [19.0] [cxt 0] Pipeline 'egress': start
[23:26:08.466] [bmv2] [D] [thread 4953] [19.0] [cxt 0] Pipeline 'egress': end
[23:26:08.466] [bmv2] [D] [thread 4953] [19.0] [cxt 0] Deparser 'deparser': start
[23:26:08.466] [bmv2] [T] [thread 4953] [19.0] [cxt 0] Skipping checksum 'cksum' update because condition not met
[23:26:08.466] [bmv2] [D] [thread 4953] [19.0] [cxt 0] Deparsing header 'ethernet'
[23:26:08.466] [bmv2] [D] [thread 4953] [19.0] [cxt 0] Deparser 'deparser': end
[23:26:08.466] [bmv2] [D] [thread 4957] [19.0] [cxt 0] Transmitting packet of size 70 out of port 0
[23:26:08.590] [bmv2] [D] [thread 4952] [20.0] [cxt 0] Processing packet received on port 2
[23:26:08.591] [bmv2] [D] [thread 4952] [20.0] [cxt 0] Parser 'parser': start
[23:26:08.591] [bmv2] [D] [thread 4952] [20.0] [cxt 0] Parser 'parser' entering state 'start'
[23:26:08.591] [bmv2] [D] [thread 4952] [20.0] [cxt 0] Extracting header 'ethernet'
[23:26:08.591] [bmv2] [D] [thread 4952] [20.0] [cxt 0] Parser state 'start': key is 86dd
[23:26:08.591] [bmv2] [T] [thread 4952] [20.0] [cxt 0] Bytes parsed: 14
[23:26:08.591] [bmv2] [D] [thread 4952] [20.0] [cxt 0] Parser 'parser': end
[23:26:08.591] [bmv2] [D] [thread 4952] [20.0] [cxt 0] Pipeline 'ingress': start
[23:26:08.591] [bmv2] [T] [thread 4952] [20.0] [cxt 0] forwarding.p4(128) Condition "hdr.ipv4.isValid()" (node_2) is false
[23:26:08.591] [bmv2] [D] [thread 4952] [20.0] [cxt 0] Pipeline 'ingress': end
[23:26:08.591] [bmv2] [D] [thread 4952] [20.0] [cxt 0] Egress port is 0
[23:26:08.591] [bmv2] [D] [thread 4953] [20.0] [cxt 0] Pipeline 'egress': start
[23:26:08.591] [bmv2] [D] [thread 4953] [20.0] [cxt 0] Pipeline 'egress': end
[23:26:08.591] [bmv2] [D] [thread 4953] [20.0] [cxt 0] Deparser 'deparser': start
[23:26:08.591] [bmv2] [T] [thread 4953] [20.0] [cxt 0] Skipping checksum 'cksum' update because condition not met
[23:26:08.591] [bmv2] [D] [thread 4953] [20.0] [cxt 0] Deparsing header 'ethernet'
[23:26:08.591] [bmv2] [D] [thread 4953] [20.0] [cxt 0] Deparser 'deparser': end
[23:26:08.591] [bmv2] [D] [thread 4957] [20.0] [cxt 0] Transmitting packet of size 90 out of port 0
[23:26:08.796] [bmv2] [D] [thread 4952] [21.0] [cxt 0] Processing packet received on port 1
[23:26:08.796] [bmv2] [D] [thread 4952] [21.0] [cxt 0] Parser 'parser': start
[23:26:08.796] [bmv2] [D] [thread 4952] [21.0] [cxt 0] Parser 'parser' entering state 'start'
[23:26:08.796] [bmv2] [D] [thread 4952] [21.0] [cxt 0] Extracting header 'ethernet'
[23:26:08.796] [bmv2] [D] [thread 4952] [21.0] [cxt 0] Parser state 'start': key is 86dd
[23:26:08.796] [bmv2] [T] [thread 4952] [21.0] [cxt 0] Bytes parsed: 14
[23:26:08.796] [bmv2] [D] [thread 4952] [21.0] [cxt 0] Parser 'parser': end
[23:26:08.796] [bmv2] [D] [thread 4952] [21.0] [cxt 0] Pipeline 'ingress': start
[23:26:08.796] [bmv2] [T] [thread 4952] [21.0] [cxt 0] forwarding.p4(128) Condition "hdr.ipv4.isValid()" (node_2) is false
[23:26:08.796] [bmv2] [D] [thread 4952] [21.0] [cxt 0] Pipeline 'ingress': end
[23:26:08.796] [bmv2] [D] [thread 4952] [21.0] [cxt 0] Egress port is 0
[23:26:08.797] [bmv2] [D] [thread 4953] [21.0] [cxt 0] Pipeline 'egress': start
[23:26:08.797] [bmv2] [D] [thread 4953] [21.0] [cxt 0] Pipeline 'egress': end
[23:26:08.797] [bmv2] [D] [thread 4953] [21.0] [cxt 0] Deparser 'deparser': start
[23:26:08.797] [bmv2] [T] [thread 4953] [21.0] [cxt 0] Skipping checksum 'cksum' update because condition not met
[23:26:08.797] [bmv2] [D] [thread 4953] [21.0] [cxt 0] Deparsing header 'ethernet'
[23:26:08.797] [bmv2] [D] [thread 4953] [21.0] [cxt 0] Deparser 'deparser': end
[23:26:08.797] [bmv2] [D] [thread 4957] [21.0] [cxt 0] Transmitting packet of size 90 out of port 0
[23:26:08.856] [bmv2] [D] [thread 4952] [22.0] [cxt 0] Processing packet received on port 3
[23:26:08.856] [bmv2] [D] [thread 4952] [22.0] [cxt 0] Parser 'parser': start
[23:26:08.856] [bmv2] [D] [thread 4952] [22.0] [cxt 0] Parser 'parser' entering state 'start'
[23:26:08.856] [bmv2] [D] [thread 4952] [22.0] [cxt 0] Extracting header 'ethernet'
[23:26:08.856] [bmv2] [D] [thread 4952] [22.0] [cxt 0] Parser state 'start': key is 86dd
[23:26:08.857] [bmv2] [T] [thread 4952] [22.0] [cxt 0] Bytes parsed: 14
[23:26:08.857] [bmv2] [D] [thread 4952] [22.0] [cxt 0] Parser 'parser': end
[23:26:08.857] [bmv2] [D] [thread 4952] [22.0] [cxt 0] Pipeline 'ingress': start
[23:26:08.857] [bmv2] [T] [thread 4952] [22.0] [cxt 0] forwarding.p4(128) Condition "hdr.ipv4.isValid()" (node_2) is false
[23:26:08.857] [bmv2] [D] [thread 4952] [22.0] [cxt 0] Pipeline 'ingress': end
[23:26:08.857] [bmv2] [D] [thread 4952] [22.0] [cxt 0] Egress port is 0
[23:26:08.857] [bmv2] [D] [thread 4953] [22.0] [cxt 0] Pipeline 'egress': start
[23:26:08.857] [bmv2] [D] [thread 4953] [22.0] [cxt 0] Pipeline 'egress': end
[23:26:08.857] [bmv2] [D] [thread 4953] [22.0] [cxt 0] Deparser 'deparser': start
[23:26:08.857] [bmv2] [T] [thread 4953] [22.0] [cxt 0] Skipping checksum 'cksum' update because condition not met
[23:26:08.857] [bmv2] [D] [thread 4953] [22.0] [cxt 0] Deparsing header 'ethernet'
[23:26:08.857] [bmv2] [D] [thread 4953] [22.0] [cxt 0] Deparser 'deparser': end
[23:26:08.858] [bmv2] [D] [thread 4957] [22.0] [cxt 0] Transmitting packet of size 90 out of port 0
[23:26:08.930] [bmv2] [D] [thread 4952] [23.0] [cxt 0] Processing packet received on port 3
[23:26:08.930] [bmv2] [D] [thread 4952] [23.0] [cxt 0] Parser 'parser': start
[23:26:08.930] [bmv2] [D] [thread 4952] [23.0] [cxt 0] Parser 'parser' entering state 'start'
[23:26:08.930] [bmv2] [D] [thread 4952] [23.0] [cxt 0] Extracting header 'ethernet'
[23:26:08.930] [bmv2] [D] [thread 4952] [23.0] [cxt 0] Parser state 'start': key is 86dd
[23:26:08.930] [bmv2] [T] [thread 4952] [23.0] [cxt 0] Bytes parsed: 14
[23:26:08.930] [bmv2] [D] [thread 4952] [23.0] [cxt 0] Parser 'parser': end
[23:26:08.930] [bmv2] [D] [thread 4952] [23.0] [cxt 0] Pipeline 'ingress': start
[23:26:08.931] [bmv2] [T] [thread 4952] [23.0] [cxt 0] forwarding.p4(128) Condition "hdr.ipv4.isValid()" (node_2) is false
[23:26:08.931] [bmv2] [D] [thread 4952] [23.0] [cxt 0] Pipeline 'ingress': end
[23:26:08.931] [bmv2] [D] [thread 4952] [23.0] [cxt 0] Egress port is 0
[23:26:08.931] [bmv2] [D] [thread 4953] [23.0] [cxt 0] Pipeline 'egress': start
[23:26:08.931] [bmv2] [D] [thread 4953] [23.0] [cxt 0] Pipeline 'egress': end
[23:26:08.931] [bmv2] [D] [thread 4953] [23.0] [cxt 0] Deparser 'deparser': start
[23:26:08.931] [bmv2] [T] [thread 4953] [23.0] [cxt 0] Skipping checksum 'cksum' update because condition not met
[23:26:08.931] [bmv2] [D] [thread 4953] [23.0] [cxt 0] Deparsing header 'ethernet'
[23:26:08.931] [bmv2] [D] [thread 4953] [23.0] [cxt 0] Deparser 'deparser': end
[23:26:08.931] [bmv2] [D] [thread 4957] [23.0] [cxt 0] Transmitting packet of size 90 out of port 0
[23:26:08.947] [bmv2] [D] [thread 4952] [24.0] [cxt 0] Processing packet received on port 2
[23:26:08.947] [bmv2] [D] [thread 4952] [24.0] [cxt 0] Parser 'parser': start
[23:26:08.947] [bmv2] [D] [thread 4952] [24.0] [cxt 0] Parser 'parser' entering state 'start'
[23:26:08.947] [bmv2] [D] [thread 4952] [24.0] [cxt 0] Extracting header 'ethernet'
[23:26:08.947] [bmv2] [D] [thread 4952] [24.0] [cxt 0] Parser state 'start': key is 86dd
[23:26:08.947] [bmv2] [T] [thread 4952] [24.0] [cxt 0] Bytes parsed: 14
[23:26:08.947] [bmv2] [D] [thread 4952] [24.0] [cxt 0] Parser 'parser': end
[23:26:08.947] [bmv2] [D] [thread 4952] [24.0] [cxt 0] Pipeline 'ingress': start
[23:26:08.947] [bmv2] [T] [thread 4952] [24.0] [cxt 0] forwarding.p4(128) Condition "hdr.ipv4.isValid()" (node_2) is false
[23:26:08.947] [bmv2] [D] [thread 4952] [24.0] [cxt 0] Pipeline 'ingress': end
[23:26:08.947] [bmv2] [D] [thread 4952] [24.0] [cxt 0] Egress port is 0
[23:26:08.948] [bmv2] [D] [thread 4953] [24.0] [cxt 0] Pipeline 'egress': start
[23:26:08.948] [bmv2] [D] [thread 4953] [24.0] [cxt 0] Pipeline 'egress': end
[23:26:08.948] [bmv2] [D] [thread 4953] [24.0] [cxt 0] Deparser 'deparser': start
[23:26:08.948] [bmv2] [T] [thread 4953] [24.0] [cxt 0] Skipping checksum 'cksum' update because condition not met
[23:26:08.948] [bmv2] [D] [thread 4953] [24.0] [cxt 0] Deparsing header 'ethernet'
[23:26:08.948] [bmv2] [D] [thread 4953] [24.0] [cxt 0] Deparser 'deparser': end
[23:26:08.948] [bmv2] [D] [thread 4957] [24.0] [cxt 0] Transmitting packet of size 90 out of port 0
