Warning: you requested the nanomsg event logger, but bmv2 was compiled without -DBMELOG, and the event logger cannot be activated
Calling target program-options parser
[23:26:07.698] [bmv2] [D] [thread 4961] Set default default entry for table 'MyIngress.ipv4_lpm': NoAction - 
Adding interface s2-eth1 as port 1
[23:26:07.699] [bmv2] [D] [thread 4961] Adding interface s2-eth1 as port 1
Adding interface s2-eth2 as port 2
[23:26:07.738] [bmv2] [D] [thread 4961] Adding interface s2-eth2 as port 2
[23:26:07.895] [bmv2] [I] [thread 4961] Starting Thrift server on port 9091
[23:26:07.899] [bmv2] [I] [thread 4961] Thrift server was started
[23:26:08.054] [bmv2] [D] [thread 4967] [0.0] [cxt 0] Processing packet received on port 1
[23:26:08.054] [bmv2] [D] [thread 4967] [0.0] [cxt 0] Parser 'parser': start
[23:26:08.055] [bmv2] [D] [thread 4967] [0.0] [cxt 0] Parser 'parser' entering state 'start'
[23:26:08.055] [bmv2] [D] [thread 4967] [0.0] [cxt 0] Extracting header 'ethernet'
[23:26:08.055] [bmv2] [D] [thread 4967] [0.0] [cxt 0] Parser state 'start': key is 86dd
[23:26:08.055] [bmv2] [T] [thread 4967] [0.0] [cxt 0] Bytes parsed: 14
[23:26:08.055] [bmv2] [D] [thread 4967] [0.0] [cxt 0] Parser 'parser': end
[23:26:08.055] [bmv2] [D] [thread 4967] [0.0] [cxt 0] Pipeline 'ingress': start
[23:26:08.055] [bmv2] [T] [thread 4967] [0.0] [cxt 0] forwarding.p4(128) Condition "hdr.ipv4.isValid()" (node_2) is false
[23:26:08.055] [bmv2] [D] [thread 4967] [0.0] [cxt 0] Pipeline 'ingress': end
[23:26:08.055] [bmv2] [D] [thread 4967] [0.0] [cxt 0] Egress port is 0
[23:26:08.055] [bmv2] [D] [thread 4967] [1.0] [cxt 0] Processing packet received on port 1
[23:26:08.055] [bmv2] [D] [thread 4967] [1.0] [cxt 0] Parser 'parser': start
[23:26:08.055] [bmv2] [D] [thread 4967] [1.0] [cxt 0] Parser 'parser' entering state 'start'
[23:26:08.055] [bmv2] [D] [thread 4967] [1.0] [cxt 0] Extracting header 'ethernet'
[23:26:08.055] [bmv2] [D] [thread 4967] [1.0] [cxt 0] Parser state 'start': key is 86dd
[23:26:08.055] [bmv2] [T] [thread 4967] [1.0] [cxt 0] Bytes parsed: 14
[23:26:08.055] [bmv2] [D] [thread 4967] [1.0] [cxt 0] Parser 'parser': end
[23:26:08.055] [bmv2] [D] [thread 4967] [1.0] [cxt 0] Pipeline 'ingress': start
[23:26:08.055] [bmv2] [T] [thread 4967] [1.0] [cxt 0] forwarding.p4(128) Condition "hdr.ipv4.isValid()" (node_2) is false
[23:26:08.055] [bmv2] [D] [thread 4967] [1.0] [cxt 0] Pipeline 'ingress': end
[23:26:08.055] [bmv2] [D] [thread 4967] [1.0] [cxt 0] Egress port is 0
[23:26:08.056] [bmv2] [D] [thread 4968] [0.0] [cxt 0] Pipeline 'egress': start
[23:26:08.056] [bmv2] [D] [thread 4968] [0.0] [cxt 0] Pipeline 'egress': end
[23:26:08.056] [bmv2] [D] [thread 4968] [0.0] [cxt 0] Deparser 'deparser': start
[23:26:08.056] [bmv2] [T] [thread 4968] [0.0] [cxt 0] Skipping checksum 'cksum' update because condition not met
[23:26:08.056] [bmv2] [D] [thread 4968] [0.0] [cxt 0] Deparsing header 'ethernet'
[23:26:08.056] [bmv2] [D] [thread 4968] [0.0] [cxt 0] Deparser 'deparser': end
[23:26:08.056] [bmv2] [D] [thread 4968] [1.0] [cxt 0] Pipeline 'egress': start
[23:26:08.056] [bmv2] [D] [thread 4968] [1.0] [cxt 0] Pipeline 'egress': end
[23:26:08.056] [bmv2] [D] [thread 4968] [1.0] [cxt 0] Deparser 'deparser': start
[23:26:08.056] [bmv2] [T] [thread 4968] [1.0] [cxt 0] Skipping checksum 'cksum' update because condition not met
[23:26:08.056] [bmv2] [D] [thread 4968] [1.0] [cxt 0] Deparsing header 'ethernet'
[23:26:08.056] [bmv2] [D] [thread 4968] [1.0] [cxt 0] Deparser 'deparser': end
[23:26:08.057] [bmv2] [D] [thread 4972] [0.0] [cxt 0] Transmitting packet of size 90 out of port 0
[23:26:08.057] [bmv2] [D] [thread 4972] [1.0] [cxt 0] Transmitting packet of size 70 out of port 0
[23:26:08.118] [bmv2] [D] [thread 4967] [2.0] [cxt 0] Processing packet received on port 2
[23:26:08.119] [bmv2] [D] [thread 4967] [2.0] [cxt 0] Parser 'parser': start
[23:26:08.119] [bmv2] [D] [thread 4967] [2.0] [cxt 0] Parser 'parser' entering state 'start'
[23:26:08.119] [bmv2] [D] [thread 4967] [2.0] [cxt 0] Extracting header 'ethernet'
[23:26:08.119] [bmv2] [D] [thread 4967] [2.0] [cxt 0] Parser state 'start': key is 86dd
[23:26:08.119] [bmv2] [T] [thread 4967] [2.0] [cxt 0] Bytes parsed: 14
[23:26:08.119] [bmv2] [D] [thread 4967] [2.0] [cxt 0] Parser 'parser': end
[23:26:08.119] [bmv2] [D] [thread 4967] [2.0] [cxt 0] Pipeline 'ingress': start
[23:26:08.119] [bmv2] [T] [thread 4967] [2.0] [cxt 0] forwarding.p4(128) Condition "hdr.ipv4.isValid()" (node_2) is false
[23:26:08.119] [bmv2] [D] [thread 4967] [2.0] [cxt 0] Pipeline 'ingress': end
[23:26:08.119] [bmv2] [D] [thread 4967] [2.0] [cxt 0] Egress port is 0
[23:26:08.119] [bmv2] [D] [thread 4967] [3.0] [cxt 0] Processing packet received on port 2
[23:26:08.119] [bmv2] [D] [thread 4967] [3.0] [cxt 0] Parser 'parser': start
[23:26:08.119] [bmv2] [D] [thread 4967] [3.0] [cxt 0] Parser 'parser' entering state 'start'
[23:26:08.119] [bmv2] [D] [thread 4967] [3.0] [cxt 0] Extracting header 'ethernet'
[23:26:08.119] [bmv2] [D] [thread 4967] [3.0] [cxt 0] Parser state 'start': key is 86dd
[23:26:08.119] [bmv2] [T] [thread 4967] [3.0] [cxt 0] Bytes parsed: 14
[23:26:08.119] [bmv2] [D] [thread 4967] [3.0] [cxt 0] Parser 'parser': end
[23:26:08.119] [bmv2] [D] [thread 4967] [3.0] [cxt 0] Pipeline 'ingress': start
[23:26:08.119] [bmv2] [T] [thread 4967] [3.0] [cxt 0] forwarding.p4(128) Condition "hdr.ipv4.isValid()" (node_2) is false
[23:26:08.119] [bmv2] [D] [thread 4967] [3.0] [cxt 0] Pipeline 'ingress': end
[23:26:08.119] [bmv2] [D] [thread 4967] [3.0] [cxt 0] Egress port is 0
[23:26:08.119] [bmv2] [D] [thread 4968] [2.0] [cxt 0] Pipeline 'egress': start
[23:26:08.120] [bmv2] [D] [thread 4968] [2.0] [cxt 0] Pipeline 'egress': end
[23:26:08.120] [bmv2] [D] [thread 4968] [2.0] [cxt 0] Deparser 'deparser': start
[23:26:08.120] [bmv2] [T] [thread 4968] [2.0] [cxt 0] Skipping checksum 'cksum' update because condition not met
[23:26:08.120] [bmv2] [D] [thread 4968] [2.0] [cxt 0] Deparsing header 'ethernet'
[23:26:08.120] [bmv2] [D] [thread 4968] [2.0] [cxt 0] Deparser 'deparser': end
[23:26:08.120] [bmv2] [D] [thread 4968] [3.0] [cxt 0] Pipeline 'egress': start
[23:26:08.120] [bmv2] [D] [thread 4968] [3.0] [cxt 0] Pipeline 'egress': end
[23:26:08.120] [bmv2] [D] [thread 4968] [3.0] [cxt 0] Deparser 'deparser': start
[23:26:08.120] [bmv2] [D] [thread 4972] [2.0] [cxt 0] Transmitting packet of size 90 out of port 0
[23:26:08.120] [bmv2] [T] [thread 4968] [3.0] [cxt 0] Skipping checksum 'cksum' update because condition not met
[23:26:08.120] [bmv2] [D] [thread 4968] [3.0] [cxt 0] Deparsing header 'ethernet'
[23:26:08.120] [bmv2] [D] [thread 4968] [3.0] [cxt 0] Deparser 'deparser': end
[23:26:08.121] [bmv2] [D] [thread 4972] [3.0] [cxt 0] Transmitting packet of size 70 out of port 0
[23:26:08.160] [bmv2] [D] [thread 4967] [4.0] [cxt 0] Processing packet received on port 2
[23:26:08.160] [bmv2] [D] [thread 4967] [4.0] [cxt 0] Parser 'parser': start
[23:26:08.160] [bmv2] [D] [thread 4967] [4.0] [cxt 0] Parser 'parser' entering state 'start'
[23:26:08.160] [bmv2] [D] [thread 4967] [4.0] [cxt 0] Extracting header 'ethernet'
[23:26:08.160] [bmv2] [D] [thread 4967] [4.0] [cxt 0] Parser state 'start': key is 86dd
[23:26:08.160] [bmv2] [T] [thread 4967] [4.0] [cxt 0] Bytes parsed: 14
[23:26:08.160] [bmv2] [D] [thread 4967] [4.0] [cxt 0] Parser 'parser': end
[23:26:08.160] [bmv2] [D] [thread 4967] [4.0] [cxt 0] Pipeline 'ingress': start
[23:26:08.160] [bmv2] [T] [thread 4967] [4.0] [cxt 0] forwarding.p4(128) Condition "hdr.ipv4.isValid()" (node_2) is false
[23:26:08.160] [bmv2] [D] [thread 4967] [4.0] [cxt 0] Pipeline 'ingress': end
[23:26:08.160] [bmv2] [D] [thread 4967] [4.0] [cxt 0] Egress port is 0
[23:26:08.160] [bmv2] [D] [thread 4967] [5.0] [cxt 0] Processing packet received on port 2
[23:26:08.160] [bmv2] [D] [thread 4967] [5.0] [cxt 0] Parser 'parser': start
[23:26:08.160] [bmv2] [D] [thread 4967] [5.0] [cxt 0] Parser 'parser' entering state 'start'
[23:26:08.160] [bmv2] [D] [thread 4967] [5.0] [cxt 0] Extracting header 'ethernet'
[23:26:08.160] [bmv2] [D] [thread 4967] [5.0] [cxt 0] Parser state 'start': key is 86dd
[23:26:08.160] [bmv2] [T] [thread 4967] [5.0] [cxt 0] Bytes parsed: 14
[23:26:08.161] [bmv2] [D] [thread 4967] [5.0] [cxt 0] Parser 'parser': end
[23:26:08.161] [bmv2] [D] [thread 4967] [5.0] [cxt 0] Pipeline 'ingress': start
[23:26:08.161] [bmv2] [T] [thread 4967] [5.0] [cxt 0] forwarding.p4(128) Condition "hdr.ipv4.isValid()" (node_2) is false
[23:26:08.161] [bmv2] [D] [thread 4967] [5.0] [cxt 0] Pipeline 'ingress': end
[23:26:08.161] [bmv2] [D] [thread 4968] [4.0] [cxt 0] Pipeline 'egress': start
[23:26:08.161] [bmv2] [D] [thread 4967] [5.0] [cxt 0] Egress port is 0
[23:26:08.161] [bmv2] [D] [thread 4968] [4.0] [cxt 0] Pipeline 'egress': end
[23:26:08.161] [bmv2] [D] [thread 4968] [4.0] [cxt 0] Deparser 'deparser': start
[23:26:08.161] [bmv2] [T] [thread 4968] [4.0] [cxt 0] Skipping checksum 'cksum' update because condition not met
[23:26:08.161] [bmv2] [D] [thread 4968] [4.0] [cxt 0] Deparsing header 'ethernet'
[23:26:08.161] [bmv2] [D] [thread 4968] [4.0] [cxt 0] Deparser 'deparser': end
[23:26:08.161] [bmv2] [D] [thread 4968] [5.0] [cxt 0] Pipeline 'egress': start
[23:26:08.161] [bmv2] [D] [thread 4968] [5.0] [cxt 0] Pipeline 'egress': end
[23:26:08.161] [bmv2] [D] [thread 4968] [5.0] [cxt 0] Deparser 'deparser': start
[23:26:08.161] [bmv2] [T] [thread 4968] [5.0] [cxt 0] Skipping checksum 'cksum' update because condition not met
[23:26:08.161] [bmv2] [D] [thread 4968] [5.0] [cxt 0] Deparsing header 'ethernet'
[23:26:08.161] [bmv2] [D] [thread 4968] [5.0] [cxt 0] Deparser 'deparser': end
[23:26:08.161] [bmv2] [D] [thread 4972] [4.0] [cxt 0] Transmitting packet of size 90 out of port 0
[23:26:08.161] [bmv2] [D] [thread 4972] [5.0] [cxt 0] Transmitting packet of size 70 out of port 0
[23:26:08.591] [bmv2] [D] [thread 4967] [6.0] [cxt 0] Processing packet received on port 2
[23:26:08.591] [bmv2] [D] [thread 4967] [6.0] [cxt 0] Parser 'parser': start
[23:26:08.591] [bmv2] [D] [thread 4967] [6.0] [cxt 0] Parser 'parser' entering state 'start'
[23:26:08.591] [bmv2] [D] [thread 4967] [6.0] [cxt 0] Extracting header 'ethernet'
[23:26:08.591] [bmv2] [D] [thread 4967] [6.0] [cxt 0] Parser state 'start': key is 86dd
[23:26:08.591] [bmv2] [T] [thread 4967] [6.0] [cxt 0] Bytes parsed: 14
[23:26:08.591] [bmv2] [D] [thread 4967] [6.0] [cxt 0] Parser 'parser': end
[23:26:08.591] [bmv2] [D] [thread 4967] [6.0] [cxt 0] Pipeline 'ingress': start
[23:26:08.591] [bmv2] [T] [thread 4967] [6.0] [cxt 0] forwarding.p4(128) Condition "hdr.ipv4.isValid()" (node_2) is false
[23:26:08.591] [bmv2] [D] [thread 4967] [6.0] [cxt 0] Pipeline 'ingress': end
[23:26:08.591] [bmv2] [D] [thread 4967] [6.0] [cxt 0] Egress port is 0
[23:26:08.592] [bmv2] [D] [thread 4968] [6.0] [cxt 0] Pipeline 'egress': start
[23:26:08.592] [bmv2] [D] [thread 4968] [6.0] [cxt 0] Pipeline 'egress': end
[23:26:08.592] [bmv2] [D] [thread 4968] [6.0] [cxt 0] Deparser 'deparser': start
[23:26:08.592] [bmv2] [T] [thread 4968] [6.0] [cxt 0] Skipping checksum 'cksum' update because condition not met
[23:26:08.592] [bmv2] [D] [thread 4968] [6.0] [cxt 0] Deparsing header 'ethernet'
[23:26:08.592] [bmv2] [D] [thread 4968] [6.0] [cxt 0] Deparser 'deparser': end
[23:26:08.592] [bmv2] [D] [thread 4972] [6.0] [cxt 0] Transmitting packet of size 90 out of port 0
[23:26:08.738] [bmv2] [D] [thread 4967] [7.0] [cxt 0] Processing packet received on port 1
[23:26:08.738] [bmv2] [D] [thread 4967] [7.0] [cxt 0] Parser 'parser': start
[23:26:08.738] [bmv2] [D] [thread 4967] [7.0] [cxt 0] Parser 'parser' entering state 'start'
[23:26:08.738] [bmv2] [D] [thread 4967] [7.0] [cxt 0] Extracting header 'ethernet'
[23:26:08.738] [bmv2] [D] [thread 4967] [7.0] [cxt 0] Parser state 'start': key is 86dd
[23:26:08.738] [bmv2] [T] [thread 4967] [7.0] [cxt 0] Bytes parsed: 14
[23:26:08.738] [bmv2] [D] [thread 4967] [7.0] [cxt 0] Parser 'parser': end
[23:26:08.738] [bmv2] [D] [thread 4967] [7.0] [cxt 0] Pipeline 'ingress': start
[23:26:08.738] [bmv2] [T] [thread 4967] [7.0] [cxt 0] forwarding.p4(128) Condition "hdr.ipv4.isValid()" (node_2) is false
[23:26:08.738] [bmv2] [D] [thread 4967] [7.0] [cxt 0] Pipeline 'ingress': end
[23:26:08.738] [bmv2] [D] [thread 4967] [7.0] [cxt 0] Egress port is 0
[23:26:08.738] [bmv2] [D] [thread 4968] [7.0] [cxt 0] Pipeline 'egress': start
[23:26:08.738] [bmv2] [D] [thread 4968] [7.0] [cxt 0] Pipeline 'egress': end
[23:26:08.738] [bmv2] [D] [thread 4968] [7.0] [cxt 0] Deparser 'deparser': start
[23:26:08.738] [bmv2] [T] [thread 4968] [7.0] [cxt 0] Skipping checksum 'cksum' update because condition not met
[23:26:08.738] [bmv2] [D] [thread 4968] [7.0] [cxt 0] Deparsing header 'ethernet'
[23:26:08.738] [bmv2] [D] [thread 4968] [7.0] [cxt 0] Deparser 'deparser': end
[23:26:08.738] [bmv2] [D] [thread 4972] [7.0] [cxt 0] Transmitting packet of size 90 out of port 0
[23:26:08.947] [bmv2] [D] [thread 4967] [8.0] [cxt 0] Processing packet received on port 2
[23:26:08.947] [bmv2] [D] [thread 4967] [8.0] [cxt 0] Parser 'parser': start
[23:26:08.947] [bmv2] [D] [thread 4967] [8.0] [cxt 0] Parser 'parser' entering state 'start'
[23:26:08.947] [bmv2] [D] [thread 4967] [8.0] [cxt 0] Extracting header 'ethernet'
[23:26:08.947] [bmv2] [D] [thread 4967] [8.0] [cxt 0] Parser state 'start': key is 86dd
[23:26:08.947] [bmv2] [T] [thread 4967] [8.0] [cxt 0] Bytes parsed: 14
[23:26:08.947] [bmv2] [D] [thread 4967] [8.0] [cxt 0] Parser 'parser': end
[23:26:08.947] [bmv2] [D] [thread 4967] [8.0] [cxt 0] Pipeline 'ingress': start
[23:26:08.947] [bmv2] [T] [thread 4967] [8.0] [cxt 0] forwarding.p4(128) Condition "hdr.ipv4.isValid()" (node_2) is false
[23:26:08.947] [bmv2] [D] [thread 4967] [8.0] [cxt 0] Pipeline 'ingress': end
[23:26:08.947] [bmv2] [D] [thread 4967] [8.0] [cxt 0] Egress port is 0
[23:26:08.948] [bmv2] [D] [thread 4968] [8.0] [cxt 0] Pipeline 'egress': start
[23:26:08.948] [bmv2] [D] [thread 4968] [8.0] [cxt 0] Pipeline 'egress': end
[23:26:08.948] [bmv2] [D] [thread 4968] [8.0] [cxt 0] Deparser 'deparser': start
[23:26:08.948] [bmv2] [T] [thread 4968] [8.0] [cxt 0] Skipping checksum 'cksum' update because condition not met
[23:26:08.948] [bmv2] [D] [thread 4968] [8.0] [cxt 0] Deparsing header 'ethernet'
[23:26:08.948] [bmv2] [D] [thread 4968] [8.0] [cxt 0] Deparser 'deparser': end
[23:26:08.948] [bmv2] [D] [thread 4972] [8.0] [cxt 0] Transmitting packet of size 90 out of port 0
open: No such file or directory
open: No such file or directory
