Warning: you requested the nanomsg event logger, but bmv2 was compiled without -DBMELOG, and the event logger cannot be activated
Calling target program-options parser
[23:26:08.699] [bmv2] [D] [thread 4975] Set default default entry for table 'MyIngress.ipv4_lpm': NoAction - 
Adding interface s3-eth1 as port 1
[23:26:08.700] [bmv2] [D] [thread 4975] Adding interface s3-eth1 as port 1
Adding interface s3-eth2 as port 2
[23:26:08.711] [bmv2] [D] [thread 4975] Adding interface s3-eth2 as port 2
Adding interface s3-eth3 as port 3
[23:26:08.738] [bmv2] [D] [thread 4975] Adding interface s3-eth3 as port 3
[23:26:08.763] [bmv2] [I] [thread 4975] Starting Thrift server on port 9092
[23:26:08.764] [bmv2] [I] [thread 4975] Thrift server was started
[23:26:08.785] [bmv2] [D] [thread 4981] [0.0] [cxt 0] Processing packet received on port 2
[23:26:08.785] [bmv2] [D] [thread 4981] [0.0] [cxt 0] Parser 'parser': start
[23:26:08.785] [bmv2] [D] [thread 4981] [0.0] [cxt 0] Parser 'parser' entering state 'start'
[23:26:08.785] [bmv2] [D] [thread 4981] [0.0] [cxt 0] Extracting header 'ethernet'
[23:26:08.785] [bmv2] [D] [thread 4981] [0.0] [cxt 0] Parser state 'start': key is 86dd
[23:26:08.785] [bmv2] [T] [thread 4981] [0.0] [cxt 0] Bytes parsed: 14
[23:26:08.785] [bmv2] [D] [thread 4981] [0.0] [cxt 0] Parser 'parser': end
[23:26:08.785] [bmv2] [D] [thread 4981] [0.0] [cxt 0] Pipeline 'ingress': start
[23:26:08.785] [bmv2] [T] [thread 4981] [0.0] [cxt 0] forwarding.p4(128) Condition "hdr.ipv4.isValid()" (node_2) is false
[23:26:08.785] [bmv2] [D] [thread 4981] [0.0] [cxt 0] Pipeline 'ingress': end
[23:26:08.785] [bmv2] [D] [thread 4981] [0.0] [cxt 0] Egress port is 0
[23:26:08.786] [bmv2] [D] [thread 4982] [0.0] [cxt 0] Pipeline 'egress': start
[23:26:08.786] [bmv2] [D] [thread 4982] [0.0] [cxt 0] Pipeline 'egress': end
[23:26:08.786] [bmv2] [D] [thread 4982] [0.0] [cxt 0] Deparser 'deparser': start
[23:26:08.786] [bmv2] [T] [thread 4982] [0.0] [cxt 0] Skipping checksum 'cksum' update because condition not met
[23:26:08.786] [bmv2] [D] [thread 4982] [0.0] [cxt 0] Deparsing header 'ethernet'
[23:26:08.786] [bmv2] [D] [thread 4982] [0.0] [cxt 0] Deparser 'deparser': end
[23:26:08.786] [bmv2] [D] [thread 4986] [0.0] [cxt 0] Transmitting packet of size 90 out of port 0
[23:26:08.856] [bmv2] [D] [thread 4981] [1.0] [cxt 0] Processing packet received on port 1
[23:26:08.856] [bmv2] [D] [thread 4981] [1.0] [cxt 0] Parser 'parser': start
[23:26:08.856] [bmv2] [D] [thread 4981] [1.0] [cxt 0] Parser 'parser' entering state 'start'
[23:26:08.856] [bmv2] [D] [thread 4981] [1.0] [cxt 0] Extracting header 'ethernet'
[23:26:08.856] [bmv2] [D] [thread 4981] [1.0] [cxt 0] Parser state 'start': key is 86dd
[23:26:08.857] [bmv2] [T] [thread 4981] [1.0] [cxt 0] Bytes parsed: 14
[23:26:08.857] [bmv2] [D] [thread 4981] [1.0] [cxt 0] Parser 'parser': end
[23:26:08.857] [bmv2] [D] [thread 4981] [1.0] [cxt 0] Pipeline 'ingress': start
[23:26:08.857] [bmv2] [T] [thread 4981] [1.0] [cxt 0] forwarding.p4(128) Condition "hdr.ipv4.isValid()" (node_2) is false
[23:26:08.857] [bmv2] [D] [thread 4981] [1.0] [cxt 0] Pipeline 'ingress': end
[23:26:08.857] [bmv2] [D] [thread 4981] [1.0] [cxt 0] Egress port is 0
[23:26:08.857] [bmv2] [D] [thread 4982] [1.0] [cxt 0] Pipeline 'egress': start
[23:26:08.857] [bmv2] [D] [thread 4982] [1.0] [cxt 0] Pipeline 'egress': end
[23:26:08.857] [bmv2] [D] [thread 4982] [1.0] [cxt 0] Deparser 'deparser': start
[23:26:08.857] [bmv2] [T] [thread 4982] [1.0] [cxt 0] Skipping checksum 'cksum' update because condition not met
[23:26:08.857] [bmv2] [D] [thread 4982] [1.0] [cxt 0] Deparsing header 'ethernet'
[23:26:08.857] [bmv2] [D] [thread 4982] [1.0] [cxt 0] Deparser 'deparser': end
[23:26:08.857] [bmv2] [D] [thread 4986] [1.0] [cxt 0] Transmitting packet of size 90 out of port 0
[23:26:08.881] [bmv2] [D] [thread 4981] [2.0] [cxt 0] Processing packet received on port 3
[23:26:08.881] [bmv2] [D] [thread 4981] [2.0] [cxt 0] Parser 'parser': start
[23:26:08.881] [bmv2] [D] [thread 4981] [2.0] [cxt 0] Parser 'parser' entering state 'start'
[23:26:08.881] [bmv2] [D] [thread 4981] [2.0] [cxt 0] Extracting header 'ethernet'
[23:26:08.881] [bmv2] [D] [thread 4981] [2.0] [cxt 0] Parser state 'start': key is 86dd
[23:26:08.881] [bmv2] [T] [thread 4981] [2.0] [cxt 0] Bytes parsed: 14
[23:26:08.881] [bmv2] [D] [thread 4981] [2.0] [cxt 0] Parser 'parser': end
[23:26:08.882] [bmv2] [D] [thread 4981] [2.0] [cxt 0] Pipeline 'ingress': start
[23:26:08.882] [bmv2] [T] [thread 4981] [2.0] [cxt 0] forwarding.p4(128) Condition "hdr.ipv4.isValid()" (node_2) is false
[23:26:08.882] [bmv2] [D] [thread 4981] [2.0] [cxt 0] Pipeline 'ingress': end
[23:26:08.882] [bmv2] [D] [thread 4981] [2.0] [cxt 0] Egress port is 0
[23:26:08.882] [bmv2] [D] [thread 4982] [2.0] [cxt 0] Pipeline 'egress': start
[23:26:08.882] [bmv2] [D] [thread 4982] [2.0] [cxt 0] Pipeline 'egress': end
[23:26:08.882] [bmv2] [D] [thread 4982] [2.0] [cxt 0] Deparser 'deparser': start
[23:26:08.882] [bmv2] [T] [thread 4982] [2.0] [cxt 0] Skipping checksum 'cksum' update because condition not met
[23:26:08.882] [bmv2] [D] [thread 4982] [2.0] [cxt 0] Deparsing header 'ethernet'
[23:26:08.882] [bmv2] [D] [thread 4982] [2.0] [cxt 0] Deparser 'deparser': end
[23:26:08.882] [bmv2] [D] [thread 4986] [2.0] [cxt 0] Transmitting packet of size 90 out of port 0
[23:26:08.930] [bmv2] [D] [thread 4981] [3.0] [cxt 0] Processing packet received on port 1
[23:26:08.930] [bmv2] [D] [thread 4981] [3.0] [cxt 0] Parser 'parser': start
[23:26:08.930] [bmv2] [D] [thread 4981] [3.0] [cxt 0] Parser 'parser' entering state 'start'
[23:26:08.930] [bmv2] [D] [thread 4981] [3.0] [cxt 0] Extracting header 'ethernet'
[23:26:08.930] [bmv2] [D] [thread 4981] [3.0] [cxt 0] Parser state 'start': key is 86dd
[23:26:08.930] [bmv2] [T] [thread 4981] [3.0] [cxt 0] Bytes parsed: 14
[23:26:08.930] [bmv2] [D] [thread 4981] [3.0] [cxt 0] Parser 'parser': end
[23:26:08.930] [bmv2] [D] [thread 4981] [3.0] [cxt 0] Pipeline 'ingress': start
[23:26:08.930] [bmv2] [T] [thread 4981] [3.0] [cxt 0] forwarding.p4(128) Condition "hdr.ipv4.isValid()" (node_2) is false
[23:26:08.931] [bmv2] [D] [thread 4981] [3.0] [cxt 0] Pipeline 'ingress': end
[23:26:08.931] [bmv2] [D] [thread 4981] [3.0] [cxt 0] Egress port is 0
[23:26:08.931] [bmv2] [D] [thread 4982] [3.0] [cxt 0] Pipeline 'egress': start
[23:26:08.931] [bmv2] [D] [thread 4982] [3.0] [cxt 0] Pipeline 'egress': end
[23:26:08.931] [bmv2] [D] [thread 4982] [3.0] [cxt 0] Deparser 'deparser': start
[23:26:08.931] [bmv2] [T] [thread 4982] [3.0] [cxt 0] Skipping checksum 'cksum' update because condition not met
[23:26:08.931] [bmv2] [D] [thread 4982] [3.0] [cxt 0] Deparsing header 'ethernet'
[23:26:08.931] [bmv2] [D] [thread 4982] [3.0] [cxt 0] Deparser 'deparser': end
[23:26:08.931] [bmv2] [D] [thread 4986] [3.0] [cxt 0] Transmitting packet of size 90 out of port 0
open: No such file or directory
open: No such file or directory
open: No such file or directory
